[debug] [2025-05-19T13:57:46.801Z] ----------------------------------------------------------------------
[debug] [2025-05-19T13:57:46.803Z] Command:       C:\Program Files\nodejs\node.exe C:\Users\dalum\AppData\Roaming\npm\node_modules\firebase-tools\lib\bin\firebase.js deploy --only functions --debug
[debug] [2025-05-19T13:57:46.804Z] CLI Version:   14.2.2
[debug] [2025-05-19T13:57:46.804Z] Platform:      win32
[debug] [2025-05-19T13:57:46.804Z] Node Version:  v22.15.0
[debug] [2025-05-19T13:57:46.804Z] Time:          Mon May 19 2025 21:57:46 GMT+0800 (Philippine Standard Time)
[debug] [2025-05-19T13:57:46.804Z] ----------------------------------------------------------------------
[debug] 
[debug] [2025-05-19T13:57:47.013Z] > command requires scopes: ["email","openid","https://www.googleapis.com/auth/cloudplatformprojects.readonly","https://www.googleapis.com/auth/firebase","https://www.googleapis.com/auth/cloud-platform"]
[debug] [2025-05-19T13:57:47.014Z] > authorizing via signed-in user (djrarth1115@gmail.com)
[debug] [2025-05-19T13:57:47.014Z] [iam] checking project food-id-ai-app for permissions ["cloudfunctions.functions.create","cloudfunctions.functions.delete","cloudfunctions.functions.get","cloudfunctions.functions.list","cloudfunctions.functions.update","cloudfunctions.operations.get","firebase.projects.get"]
[debug] [2025-05-19T13:57:47.016Z] Checked if tokens are valid: true, expires at: 1747666535847
[debug] [2025-05-19T13:57:47.016Z] Checked if tokens are valid: true, expires at: 1747666535847
[debug] [2025-05-19T13:57:47.017Z] >>> [apiv2][query] POST https://cloudresourcemanager.googleapis.com/v1/projects/food-id-ai-app:testIamPermissions [none]
[debug] [2025-05-19T13:57:47.017Z] >>> [apiv2][(partial)header] POST https://cloudresourcemanager.googleapis.com/v1/projects/food-id-ai-app:testIamPermissions x-goog-quota-user=projects/food-id-ai-app
[debug] [2025-05-19T13:57:47.017Z] >>> [apiv2][body] POST https://cloudresourcemanager.googleapis.com/v1/projects/food-id-ai-app:testIamPermissions {"permissions":["cloudfunctions.functions.create","cloudfunctions.functions.delete","cloudfunctions.functions.get","cloudfunctions.functions.list","cloudfunctions.functions.update","cloudfunctions.operations.get","firebase.projects.get"]}
[debug] [2025-05-19T13:57:49.141Z] <<< [apiv2][status] POST https://cloudresourcemanager.googleapis.com/v1/projects/food-id-ai-app:testIamPermissions 200
[debug] [2025-05-19T13:57:49.141Z] <<< [apiv2][body] POST https://cloudresourcemanager.googleapis.com/v1/projects/food-id-ai-app:testIamPermissions {"permissions":["cloudfunctions.functions.create","cloudfunctions.functions.delete","cloudfunctions.functions.get","cloudfunctions.functions.list","cloudfunctions.functions.update","cloudfunctions.operations.get","firebase.projects.get"]}
[debug] [2025-05-19T13:57:49.142Z] Checked if tokens are valid: true, expires at: 1747666535847
[debug] [2025-05-19T13:57:49.142Z] Checked if tokens are valid: true, expires at: 1747666535847
[debug] [2025-05-19T13:57:49.142Z] >>> [apiv2][query] POST https://iam.googleapis.com/v1/projects/food-id-ai-app/serviceAccounts/food-id-ai-app@appspot.gserviceaccount.com:testIamPermissions [none]
[debug] [2025-05-19T13:57:49.143Z] >>> [apiv2][body] POST https://iam.googleapis.com/v1/projects/food-id-ai-app/serviceAccounts/food-id-ai-app@appspot.gserviceaccount.com:testIamPermissions {"permissions":["iam.serviceAccounts.actAs"]}
[debug] [2025-05-19T13:57:50.455Z] <<< [apiv2][status] POST https://iam.googleapis.com/v1/projects/food-id-ai-app/serviceAccounts/food-id-ai-app@appspot.gserviceaccount.com:testIamPermissions 200
[debug] [2025-05-19T13:57:50.456Z] <<< [apiv2][body] POST https://iam.googleapis.com/v1/projects/food-id-ai-app/serviceAccounts/food-id-ai-app@appspot.gserviceaccount.com:testIamPermissions {"permissions":["iam.serviceAccounts.actAs"]}
[info] 
[info] === Deploying to 'food-id-ai-app'...
[info] 
[info] i  deploying functions 
[debug] [2025-05-19T13:57:50.464Z] Checked if tokens are valid: true, expires at: 1747666535847
[debug] [2025-05-19T13:57:50.464Z] Checked if tokens are valid: true, expires at: 1747666535847
[debug] [2025-05-19T13:57:50.465Z] >>> [apiv2][query] GET https://cloudresourcemanager.googleapis.com/v1/projects/food-id-ai-app [none]
[debug] [2025-05-19T13:57:50.684Z] <<< [apiv2][status] GET https://cloudresourcemanager.googleapis.com/v1/projects/food-id-ai-app 200
[debug] [2025-05-19T13:57:50.684Z] <<< [apiv2][body] GET https://cloudresourcemanager.googleapis.com/v1/projects/food-id-ai-app {"projectNumber":"90718071686","projectId":"food-id-ai-app","lifecycleState":"ACTIVE","name":"build","labels":{"firebase":"enabled","firebase-core":"disabled","generative-language":"enabled"},"createTime":"2025-05-06T02:51:19.889903Z"}
[info] i  functions: preparing codebase default for deployment 
[info] i  functions: ensuring required API cloudfunctions.googleapis.com is enabled... 
[debug] [2025-05-19T13:57:50.689Z] Checked if tokens are valid: true, expires at: 1747666535847
[debug] [2025-05-19T13:57:50.689Z] Checked if tokens are valid: true, expires at: 1747666535847
[debug] [2025-05-19T13:57:50.690Z] Checked if tokens are valid: true, expires at: 1747666535847
[debug] [2025-05-19T13:57:50.690Z] Checked if tokens are valid: true, expires at: 1747666535847
[info] i  functions: ensuring required API cloudbuild.googleapis.com is enabled... 
[debug] [2025-05-19T13:57:50.691Z] Checked if tokens are valid: true, expires at: 1747666535847
[debug] [2025-05-19T13:57:50.691Z] Checked if tokens are valid: true, expires at: 1747666535847
[info] i  artifactregistry: ensuring required API artifactregistry.googleapis.com is enabled... 
[debug] [2025-05-19T13:57:50.692Z] Checked if tokens are valid: true, expires at: 1747666535847
[debug] [2025-05-19T13:57:50.692Z] Checked if tokens are valid: true, expires at: 1747666535847
[debug] [2025-05-19T13:57:50.692Z] >>> [apiv2][query] GET https://serviceusage.googleapis.com/v1/projects/food-id-ai-app/services/cloudfunctions.googleapis.com [none]
[debug] [2025-05-19T13:57:50.693Z] >>> [apiv2][(partial)header] GET https://serviceusage.googleapis.com/v1/projects/food-id-ai-app/services/cloudfunctions.googleapis.com x-goog-quota-user=projects/food-id-ai-app
[debug] [2025-05-19T13:57:50.695Z] >>> [apiv2][query] GET https://serviceusage.googleapis.com/v1/projects/food-id-ai-app/services/runtimeconfig.googleapis.com [none]
[debug] [2025-05-19T13:57:50.696Z] >>> [apiv2][(partial)header] GET https://serviceusage.googleapis.com/v1/projects/food-id-ai-app/services/runtimeconfig.googleapis.com x-goog-quota-user=projects/food-id-ai-app
[debug] [2025-05-19T13:57:50.698Z] >>> [apiv2][query] GET https://serviceusage.googleapis.com/v1/projects/food-id-ai-app/services/cloudbuild.googleapis.com [none]
[debug] [2025-05-19T13:57:50.698Z] >>> [apiv2][(partial)header] GET https://serviceusage.googleapis.com/v1/projects/food-id-ai-app/services/cloudbuild.googleapis.com x-goog-quota-user=projects/food-id-ai-app
[debug] [2025-05-19T13:57:50.699Z] >>> [apiv2][query] GET https://serviceusage.googleapis.com/v1/projects/food-id-ai-app/services/artifactregistry.googleapis.com [none]
[debug] [2025-05-19T13:57:50.700Z] >>> [apiv2][(partial)header] GET https://serviceusage.googleapis.com/v1/projects/food-id-ai-app/services/artifactregistry.googleapis.com x-goog-quota-user=projects/food-id-ai-app
[debug] [2025-05-19T13:57:52.057Z] <<< [apiv2][status] GET https://serviceusage.googleapis.com/v1/projects/food-id-ai-app/services/runtimeconfig.googleapis.com 200
[debug] [2025-05-19T13:57:52.057Z] <<< [apiv2][body] GET https://serviceusage.googleapis.com/v1/projects/food-id-ai-app/services/runtimeconfig.googleapis.com [omitted]
[debug] [2025-05-19T13:57:52.065Z] <<< [apiv2][status] GET https://serviceusage.googleapis.com/v1/projects/food-id-ai-app/services/artifactregistry.googleapis.com 200
[debug] [2025-05-19T13:57:52.065Z] <<< [apiv2][body] GET https://serviceusage.googleapis.com/v1/projects/food-id-ai-app/services/artifactregistry.googleapis.com [omitted]
[info] +  artifactregistry: required API artifactregistry.googleapis.com is enabled 
[debug] [2025-05-19T13:57:52.068Z] <<< [apiv2][status] GET https://serviceusage.googleapis.com/v1/projects/food-id-ai-app/services/cloudfunctions.googleapis.com 200
[debug] [2025-05-19T13:57:52.069Z] <<< [apiv2][body] GET https://serviceusage.googleapis.com/v1/projects/food-id-ai-app/services/cloudfunctions.googleapis.com [omitted]
[info] +  functions: required API cloudfunctions.googleapis.com is enabled 
[debug] [2025-05-19T13:57:52.083Z] <<< [apiv2][status] GET https://serviceusage.googleapis.com/v1/projects/food-id-ai-app/services/cloudbuild.googleapis.com 200
[debug] [2025-05-19T13:57:52.084Z] <<< [apiv2][body] GET https://serviceusage.googleapis.com/v1/projects/food-id-ai-app/services/cloudbuild.googleapis.com [omitted]
[info] +  functions: required API cloudbuild.googleapis.com is enabled 
[debug] [2025-05-19T13:57:52.085Z] Checked if tokens are valid: true, expires at: 1747666535847
[debug] [2025-05-19T13:57:52.085Z] Checked if tokens are valid: true, expires at: 1747666535847
[debug] [2025-05-19T13:57:52.086Z] >>> [apiv2][query] GET https://firebase.googleapis.com/v1beta1/projects/food-id-ai-app/adminSdkConfig [none]
[debug] [2025-05-19T13:57:52.591Z] <<< [apiv2][status] GET https://firebase.googleapis.com/v1beta1/projects/food-id-ai-app/adminSdkConfig 200
[debug] [2025-05-19T13:57:52.592Z] <<< [apiv2][body] GET https://firebase.googleapis.com/v1beta1/projects/food-id-ai-app/adminSdkConfig {"projectId":"food-id-ai-app","storageBucket":"food-id-ai-app.firebasestorage.app"}
[debug] [2025-05-19T13:57:52.593Z] Checked if tokens are valid: true, expires at: 1747666535847
[debug] [2025-05-19T13:57:52.593Z] Checked if tokens are valid: true, expires at: 1747666535847
[debug] [2025-05-19T13:57:52.594Z] >>> [apiv2][query] GET https://runtimeconfig.googleapis.com/v1beta1/projects/food-id-ai-app/configs [none]
[debug] [2025-05-19T13:57:53.099Z] <<< [apiv2][status] GET https://runtimeconfig.googleapis.com/v1beta1/projects/food-id-ai-app/configs 200
[debug] [2025-05-19T13:57:53.100Z] <<< [apiv2][body] GET https://runtimeconfig.googleapis.com/v1beta1/projects/food-id-ai-app/configs {}
[debug] [2025-05-19T13:57:53.102Z] Customer code is not Node
[debug] [2025-05-19T13:57:53.103Z] Validating python source
[debug] [2025-05-19T13:57:53.103Z] Building python source
[info] i  functions: Loading and analyzing source code for codebase default to determine what to deploy 
[debug] [2025-05-19T13:57:53.105Z] Could not find functions.yaml. Must use http discovery
[debug] [2025-05-19T13:57:53.114Z] Running command with virtualenv: command="C:\Users\dalum\Documents\food-id-ai-app\functions\venv\Scripts\activate.bat", args=["","&&","python.exe","-c","\"import firebase_functions; import os; print(os.path.dirname(firebase_functions.__file__))\""]
[debug] [2025-05-19T13:57:53.262Z] stderr: Traceback (most recent call last):

[debug] [2025-05-19T13:57:53.266Z] stderr:   File "<string>", line 1, in <module>
    import firebase_functions; import os; print(os.path.dirname(firebase_functions.__file__))
    ^^^^^^^^^^^^^^^^^^^^^^^^^
ModuleNotFoundError: No module named 'firebase_functions'

[debug] [2025-05-19T13:57:53.279Z] Error: spawn "C:\Users\dalum\Documents\food-id-ai-app\functions\venv\Scripts\activate.bat" ENOENT
    at notFoundError (C:\Users\dalum\AppData\Roaming\npm\node_modules\firebase-tools\node_modules\cross-spawn\lib\enoent.js:6:26)
    at verifyENOENT (C:\Users\dalum\AppData\Roaming\npm\node_modules\firebase-tools\node_modules\cross-spawn\lib\enoent.js:40:16)
    at cp.emit (C:\Users\dalum\AppData\Roaming\npm\node_modules\firebase-tools\node_modules\cross-spawn\lib\enoent.js:27:25)
    at ChildProcess._handle.onexit (node:internal/child_process:293:12)
[error] 
[error] Error: An unexpected error has occurred.
[debug] [2025-05-19T14:02:44.188Z] ----------------------------------------------------------------------
[debug] [2025-05-19T14:02:44.191Z] Command:       C:\Program Files\nodejs\node.exe C:\Users\dalum\AppData\Roaming\npm\node_modules\firebase-tools\lib\bin\firebase.js deploy --only functions --debug
[debug] [2025-05-19T14:02:44.192Z] CLI Version:   14.2.2
[debug] [2025-05-19T14:02:44.192Z] Platform:      win32
[debug] [2025-05-19T14:02:44.192Z] Node Version:  v22.15.0
[debug] [2025-05-19T14:02:44.192Z] Time:          Mon May 19 2025 22:02:44 GMT+0800 (Philippine Standard Time)
[debug] [2025-05-19T14:02:44.192Z] ----------------------------------------------------------------------
[debug] 
[debug] [2025-05-19T14:02:44.458Z] > command requires scopes: ["email","openid","https://www.googleapis.com/auth/cloudplatformprojects.readonly","https://www.googleapis.com/auth/firebase","https://www.googleapis.com/auth/cloud-platform"]
[debug] [2025-05-19T14:02:44.459Z] > authorizing via signed-in user (djrarth1115@gmail.com)
[debug] [2025-05-19T14:02:44.459Z] [iam] checking project food-id-ai-app for permissions ["cloudfunctions.functions.create","cloudfunctions.functions.delete","cloudfunctions.functions.get","cloudfunctions.functions.list","cloudfunctions.functions.update","cloudfunctions.operations.get","firebase.projects.get"]
[debug] [2025-05-19T14:02:44.460Z] Checked if tokens are valid: true, expires at: 1747666535847
[debug] [2025-05-19T14:02:44.461Z] Checked if tokens are valid: true, expires at: 1747666535847
[debug] [2025-05-19T14:02:44.462Z] >>> [apiv2][query] POST https://cloudresourcemanager.googleapis.com/v1/projects/food-id-ai-app:testIamPermissions [none]
[debug] [2025-05-19T14:02:44.463Z] >>> [apiv2][(partial)header] POST https://cloudresourcemanager.googleapis.com/v1/projects/food-id-ai-app:testIamPermissions x-goog-quota-user=projects/food-id-ai-app
[debug] [2025-05-19T14:02:44.463Z] >>> [apiv2][body] POST https://cloudresourcemanager.googleapis.com/v1/projects/food-id-ai-app:testIamPermissions {"permissions":["cloudfunctions.functions.create","cloudfunctions.functions.delete","cloudfunctions.functions.get","cloudfunctions.functions.list","cloudfunctions.functions.update","cloudfunctions.operations.get","firebase.projects.get"]}
[debug] [2025-05-19T14:02:45.726Z] <<< [apiv2][status] POST https://cloudresourcemanager.googleapis.com/v1/projects/food-id-ai-app:testIamPermissions 200
[debug] [2025-05-19T14:02:45.727Z] <<< [apiv2][body] POST https://cloudresourcemanager.googleapis.com/v1/projects/food-id-ai-app:testIamPermissions {"permissions":["cloudfunctions.functions.create","cloudfunctions.functions.delete","cloudfunctions.functions.get","cloudfunctions.functions.list","cloudfunctions.functions.update","cloudfunctions.operations.get","firebase.projects.get"]}
[debug] [2025-05-19T14:02:45.728Z] Checked if tokens are valid: true, expires at: 1747666535847
[debug] [2025-05-19T14:02:45.728Z] Checked if tokens are valid: true, expires at: 1747666535847
[debug] [2025-05-19T14:02:45.729Z] >>> [apiv2][query] POST https://iam.googleapis.com/v1/projects/food-id-ai-app/serviceAccounts/food-id-ai-app@appspot.gserviceaccount.com:testIamPermissions [none]
[debug] [2025-05-19T14:02:45.729Z] >>> [apiv2][body] POST https://iam.googleapis.com/v1/projects/food-id-ai-app/serviceAccounts/food-id-ai-app@appspot.gserviceaccount.com:testIamPermissions {"permissions":["iam.serviceAccounts.actAs"]}
[debug] [2025-05-19T14:02:48.303Z] <<< [apiv2][status] POST https://iam.googleapis.com/v1/projects/food-id-ai-app/serviceAccounts/food-id-ai-app@appspot.gserviceaccount.com:testIamPermissions 200
[debug] [2025-05-19T14:02:48.304Z] <<< [apiv2][body] POST https://iam.googleapis.com/v1/projects/food-id-ai-app/serviceAccounts/food-id-ai-app@appspot.gserviceaccount.com:testIamPermissions {"permissions":["iam.serviceAccounts.actAs"]}
[info] 
[info] === Deploying to 'food-id-ai-app'...
[info] 
[info] i  deploying functions 
[debug] [2025-05-19T14:02:48.307Z] Checked if tokens are valid: true, expires at: 1747666535847
[debug] [2025-05-19T14:02:48.307Z] Checked if tokens are valid: true, expires at: 1747666535847
[debug] [2025-05-19T14:02:48.307Z] >>> [apiv2][query] GET https://cloudresourcemanager.googleapis.com/v1/projects/food-id-ai-app [none]
[debug] [2025-05-19T14:02:48.548Z] <<< [apiv2][status] GET https://cloudresourcemanager.googleapis.com/v1/projects/food-id-ai-app 200
[debug] [2025-05-19T14:02:48.548Z] <<< [apiv2][body] GET https://cloudresourcemanager.googleapis.com/v1/projects/food-id-ai-app {"projectNumber":"90718071686","projectId":"food-id-ai-app","lifecycleState":"ACTIVE","name":"build","labels":{"firebase":"enabled","firebase-core":"disabled","generative-language":"enabled"},"createTime":"2025-05-06T02:51:19.889903Z"}
[info] i  functions: preparing codebase default for deployment 
[info] i  functions: ensuring required API cloudfunctions.googleapis.com is enabled... 
[debug] [2025-05-19T14:02:48.551Z] Checked if tokens are valid: true, expires at: 1747666535847
[debug] [2025-05-19T14:02:48.551Z] Checked if tokens are valid: true, expires at: 1747666535847
[debug] [2025-05-19T14:02:48.551Z] Checked if tokens are valid: true, expires at: 1747666535847
[debug] [2025-05-19T14:02:48.552Z] Checked if tokens are valid: true, expires at: 1747666535847
[info] i  functions: ensuring required API cloudbuild.googleapis.com is enabled... 
[debug] [2025-05-19T14:02:48.552Z] Checked if tokens are valid: true, expires at: 1747666535847
[debug] [2025-05-19T14:02:48.553Z] Checked if tokens are valid: true, expires at: 1747666535847
[info] i  artifactregistry: ensuring required API artifactregistry.googleapis.com is enabled... 
[debug] [2025-05-19T14:02:48.553Z] Checked if tokens are valid: true, expires at: 1747666535847
[debug] [2025-05-19T14:02:48.553Z] Checked if tokens are valid: true, expires at: 1747666535847
[debug] [2025-05-19T14:02:48.553Z] >>> [apiv2][query] GET https://serviceusage.googleapis.com/v1/projects/food-id-ai-app/services/cloudfunctions.googleapis.com [none]
[debug] [2025-05-19T14:02:48.554Z] >>> [apiv2][(partial)header] GET https://serviceusage.googleapis.com/v1/projects/food-id-ai-app/services/cloudfunctions.googleapis.com x-goog-quota-user=projects/food-id-ai-app
[debug] [2025-05-19T14:02:48.555Z] >>> [apiv2][query] GET https://serviceusage.googleapis.com/v1/projects/food-id-ai-app/services/runtimeconfig.googleapis.com [none]
[debug] [2025-05-19T14:02:48.556Z] >>> [apiv2][(partial)header] GET https://serviceusage.googleapis.com/v1/projects/food-id-ai-app/services/runtimeconfig.googleapis.com x-goog-quota-user=projects/food-id-ai-app
[debug] [2025-05-19T14:02:48.557Z] >>> [apiv2][query] GET https://serviceusage.googleapis.com/v1/projects/food-id-ai-app/services/cloudbuild.googleapis.com [none]
[debug] [2025-05-19T14:02:48.557Z] >>> [apiv2][(partial)header] GET https://serviceusage.googleapis.com/v1/projects/food-id-ai-app/services/cloudbuild.googleapis.com x-goog-quota-user=projects/food-id-ai-app
[debug] [2025-05-19T14:02:48.559Z] >>> [apiv2][query] GET https://serviceusage.googleapis.com/v1/projects/food-id-ai-app/services/artifactregistry.googleapis.com [none]
[debug] [2025-05-19T14:02:48.559Z] >>> [apiv2][(partial)header] GET https://serviceusage.googleapis.com/v1/projects/food-id-ai-app/services/artifactregistry.googleapis.com x-goog-quota-user=projects/food-id-ai-app
[debug] [2025-05-19T14:02:50.087Z] <<< [apiv2][status] GET https://serviceusage.googleapis.com/v1/projects/food-id-ai-app/services/runtimeconfig.googleapis.com 200
[debug] [2025-05-19T14:02:50.087Z] <<< [apiv2][body] GET https://serviceusage.googleapis.com/v1/projects/food-id-ai-app/services/runtimeconfig.googleapis.com [omitted]
[debug] [2025-05-19T14:02:50.094Z] <<< [apiv2][status] GET https://serviceusage.googleapis.com/v1/projects/food-id-ai-app/services/artifactregistry.googleapis.com 200
[debug] [2025-05-19T14:02:50.094Z] <<< [apiv2][body] GET https://serviceusage.googleapis.com/v1/projects/food-id-ai-app/services/artifactregistry.googleapis.com [omitted]
[info] +  artifactregistry: required API artifactregistry.googleapis.com is enabled 
[debug] [2025-05-19T14:02:50.170Z] <<< [apiv2][status] GET https://serviceusage.googleapis.com/v1/projects/food-id-ai-app/services/cloudfunctions.googleapis.com 200
[debug] [2025-05-19T14:02:50.170Z] <<< [apiv2][body] GET https://serviceusage.googleapis.com/v1/projects/food-id-ai-app/services/cloudfunctions.googleapis.com [omitted]
[info] +  functions: required API cloudfunctions.googleapis.com is enabled 
[debug] [2025-05-19T14:02:52.317Z] <<< [apiv2][status] GET https://serviceusage.googleapis.com/v1/projects/food-id-ai-app/services/cloudbuild.googleapis.com 200
[debug] [2025-05-19T14:02:52.317Z] <<< [apiv2][body] GET https://serviceusage.googleapis.com/v1/projects/food-id-ai-app/services/cloudbuild.googleapis.com [omitted]
[info] +  functions: required API cloudbuild.googleapis.com is enabled 
[debug] [2025-05-19T14:02:52.317Z] Checked if tokens are valid: true, expires at: 1747666535847
[debug] [2025-05-19T14:02:52.318Z] Checked if tokens are valid: true, expires at: 1747666535847
[debug] [2025-05-19T14:02:52.318Z] >>> [apiv2][query] GET https://firebase.googleapis.com/v1beta1/projects/food-id-ai-app/adminSdkConfig [none]
[debug] [2025-05-19T14:02:53.045Z] <<< [apiv2][status] GET https://firebase.googleapis.com/v1beta1/projects/food-id-ai-app/adminSdkConfig 200
[debug] [2025-05-19T14:02:53.046Z] <<< [apiv2][body] GET https://firebase.googleapis.com/v1beta1/projects/food-id-ai-app/adminSdkConfig {"projectId":"food-id-ai-app","storageBucket":"food-id-ai-app.firebasestorage.app"}
[debug] [2025-05-19T14:02:53.047Z] Checked if tokens are valid: true, expires at: 1747666535847
[debug] [2025-05-19T14:02:53.047Z] Checked if tokens are valid: true, expires at: 1747666535847
[debug] [2025-05-19T14:02:53.048Z] >>> [apiv2][query] GET https://runtimeconfig.googleapis.com/v1beta1/projects/food-id-ai-app/configs [none]
[debug] [2025-05-19T14:02:54.273Z] <<< [apiv2][status] GET https://runtimeconfig.googleapis.com/v1beta1/projects/food-id-ai-app/configs 200
[debug] [2025-05-19T14:02:54.273Z] <<< [apiv2][body] GET https://runtimeconfig.googleapis.com/v1beta1/projects/food-id-ai-app/configs {}
[debug] [2025-05-19T14:02:54.275Z] Customer code is not Node
[debug] [2025-05-19T14:02:54.275Z] Validating python source
[debug] [2025-05-19T14:02:54.275Z] Building python source
[info] i  functions: Loading and analyzing source code for codebase default to determine what to deploy 
[debug] [2025-05-19T14:02:54.276Z] Could not find functions.yaml. Must use http discovery
[debug] [2025-05-19T14:02:54.284Z] Running command with virtualenv: command="C:\Users\dalum\Documents\food-id-ai-app\functions\venv\Scripts\activate.bat", args=["","&&","python.exe","-c","\"import firebase_functions; import os; print(os.path.dirname(firebase_functions.__file__))\""]
[debug] [2025-05-19T14:02:54.436Z] stderr: Traceback (most recent call last):

[debug] [2025-05-19T14:02:54.440Z] stderr:   File "<string>", line 1, in <module>
    import firebase_functions; import os; print(os.path.dirname(firebase_functions.__file__))
    ^^^^^^^^^^^^^^^^^^^^^^^^^
ModuleNotFoundError: No module named 'firebase_functions'

[debug] [2025-05-19T14:02:54.452Z] Error: spawn "C:\Users\dalum\Documents\food-id-ai-app\functions\venv\Scripts\activate.bat" ENOENT
    at notFoundError (C:\Users\dalum\AppData\Roaming\npm\node_modules\firebase-tools\node_modules\cross-spawn\lib\enoent.js:6:26)
    at verifyENOENT (C:\Users\dalum\AppData\Roaming\npm\node_modules\firebase-tools\node_modules\cross-spawn\lib\enoent.js:40:16)
    at cp.emit (C:\Users\dalum\AppData\Roaming\npm\node_modules\firebase-tools\node_modules\cross-spawn\lib\enoent.js:27:25)
    at ChildProcess._handle.onexit (node:internal/child_process:293:12)
[error] 
[error] Error: An unexpected error has occurred.
